1: L 1: started 
2: L 2: started 
3: L 3: started 
5: L 2: arrived to 1 
6: L 3: arrived to 2 
4: L 4: started 
7: L 5: started 
9: L 1: arrived to 1 
10: L 4: arrived to 1 
8: L 6: started 
11: L 6: arrived to 1 
12: L 8: started 
13: L 7: started 
15: L 5: arrived to 4 
14: BUS: started 
16: L 8: arrived to 1 
17: L 7: arrived to 2 
18: BUS: arrived to 1 
19: L 2: boarding 
20: L 1: boarding 
21: L 4: boarding 
22: L 6: boarding 
23: L 8: boarding 
24: BUS: leaving 1 
25: BUS: arrived to 2 
26: L 3: boarding 
27: L 7: boarding 
28: BUS: leaving 2 
29: BUS: arrived to 3 
30: BUS: leaving 3 
31: BUS: arrived to 4 
32: L 5: boarding 
33: BUS: leaving 4 
34: BUS: arrived to final 
35: L 2: going to ski 
36: L 1: going to ski 
37: L 4: going to ski 
38: L 6: going to ski 
39: L 8: going to ski 
40: L 3: going to ski 
41: L 7: going to ski 
42: L 5: going to ski 
43: BUS: leaving final 
44: BUS: finish 
