1: L 2: started 
2: L 3: started 
3: L 4: started 
4: L 6: started 
5: L 7: started 
6: L 8: started 
7: L 9: started 
8: L 9: arrived to 4 
9: L 10: started 
10: L 11: started 
11: BUS: started 
12: L 1: started 
13: L 5: started 
14: L 3: arrived to 1 
15: L 4: arrived to 3 
16: L 6: arrived to 3 
17: L 7: arrived to 2 
18: L 8: arrived to 2 
19: L 2: arrived to 4 
20: L 11: arrived to 3 
21: L 10: arrived to 1 
22: BUS: arrived to 1 
23: L 3: boarding 
24: L 10: boarding 
25: BUS: leaving 1 
26: BUS: arrived to 2 
27: L 7: boarding 
28: L 8: boarding 
29: BUS: leaving 2 
30: BUS: arrived to 3 
31: L 4: boarding 
32: L 6: boarding 
33: L 11: boarding 
34: BUS: leaving 3 
35: BUS: arrived to 4 
36: L 9: boarding 
37: L 2: boarding 
38: BUS: leaving 4 
39: BUS: arrived to final 
40: L 3: going to ski 
41: L 5: arrived to 3 
42: L 10: going to ski 
43: L 7: going to ski 
44: L 8: going to ski 
45: L 4: going to ski 
46: L 6: going to ski 
47: L 11: going to ski 
48: L 2: going to ski 
49: L 9: going to ski 
50: BUS: leaving final 
51: BUS: arrived to 1 
52: BUS: leaving 1 
53: BUS: arrived to 2 
54: BUS: leaving 2 
55: BUS: arrived to 3 
56: L 5: boarding 
57: BUS: leaving 3 
58: BUS: arrived to 4 
59: BUS: leaving 4 
60: BUS: arrived to final 
61: L 5: going to ski 
62: BUS: leaving final 
63: BUS: arrived to 1 
64: BUS: leaving 1 
65: BUS: arrived to 2 
66: BUS: leaving 2 
67: BUS: arrived to 3 
68: BUS: leaving 3 
69: L 1: arrived to 4 
70: BUS: arrived to 4 
71: L 1: boarding 
72: BUS: leaving 4 
73: BUS: arrived to final 
74: L 1: going to ski 
75: BUS: leaving final 
76: BUS: finish 
